  CMUgraphics.cpp
D:\zewail\Semsters\Y2 Spring\Data structure\project\CIE205_Porj_S2020_student\CIE205_Porj_code_Spring2020\Restaurant\CMUgraphicsLib\CMUgraphics.cpp(751): warning C4996: 'strcpy': This function or variable may be unsafe. Consider using strcpy_s instead. To disable deprecation, use _CRT_SECURE_NO_WARNINGS. See online help for details.
  C:\Program Files (x86)\Windows Kits\10\Include\10.0.17763.0\ucrt\string.h(133): note: see declaration of 'strcpy'
D:\zewail\Semsters\Y2 Spring\Data structure\project\CIE205_Porj_S2020_student\CIE205_Porj_code_Spring2020\Restaurant\CMUgraphicsLib\CMUgraphics.cpp(1164): warning C4996: 'sprintf': This function or variable may be unsafe. Consider using sprintf_s instead. To disable deprecation, use _CRT_SECURE_NO_WARNINGS. See online help for details.
  C:\Program Files (x86)\Windows Kits\10\Include\10.0.17763.0\ucrt\stdio.h(1774): note: see declaration of 'sprintf'
D:\zewail\Semsters\Y2 Spring\Data structure\project\CIE205_Porj_S2020_student\CIE205_Porj_code_Spring2020\Restaurant\CMUgraphicsLib\CMUgraphics.cpp(1171): warning C4996: 'sprintf': This function or variable may be unsafe. Consider using sprintf_s instead. To disable deprecation, use _CRT_SECURE_NO_WARNINGS. See online help for details.
  C:\Program Files (x86)\Windows Kits\10\Include\10.0.17763.0\ucrt\stdio.h(1774): note: see declaration of 'sprintf'
D:\zewail\Semsters\Y2 Spring\Data structure\project\CIE205_Porj_S2020_student\CIE205_Porj_code_Spring2020\Restaurant\CMUgraphicsLib\CMUgraphics.cpp(1202): warning C4996: 'sprintf': This function or variable may be unsafe. Consider using sprintf_s instead. To disable deprecation, use _CRT_SECURE_NO_WARNINGS. See online help for details.
  C:\Program Files (x86)\Windows Kits\10\Include\10.0.17763.0\ucrt\stdio.h(1774): note: see declaration of 'sprintf'
D:\zewail\Semsters\Y2 Spring\Data structure\project\CIE205_Porj_S2020_student\CIE205_Porj_code_Spring2020\Restaurant\CMUgraphicsLib\CMUgraphics.cpp(1210): warning C4996: 'sprintf': This function or variable may be unsafe. Consider using sprintf_s instead. To disable deprecation, use _CRT_SECURE_NO_WARNINGS. See online help for details.
  C:\Program Files (x86)\Windows Kits\10\Include\10.0.17763.0\ucrt\stdio.h(1774): note: see declaration of 'sprintf'
D:\zewail\Semsters\Y2 Spring\Data structure\project\CIE205_Porj_S2020_student\CIE205_Porj_code_Spring2020\Restaurant\CMUgraphicsLib\CMUgraphics.cpp(1357): warning C4018: '>': signed/unsigned mismatch
  colors.cpp
  image.cpp
D:\zewail\Semsters\Y2 Spring\Data structure\project\CIE205_Porj_S2020_student\CIE205_Porj_code_Spring2020\Restaurant\CMUgraphicsLib\image.cpp(115): warning C4018: '<': signed/unsigned mismatch
  keyqueue.cpp
  mousequeue.cpp
  windowinput.cpp
  Demo_Main.cpp
  Event.cpp
  ArrivalEvent.cpp
  GUI.cpp
  Cook.cpp
  Order.cpp
  Restaurant.cpp
D:\zewail\Semsters\Y2 Spring\Data structure\project\CIE205_Porj_S2020_student\CIE205_Porj_code_Spring2020\Restaurant\Rest\Restaurant.cpp(93): warning C4244: 'argument': conversion from 'time_t' to 'unsigned int', possible loss of data
D:\zewail\Semsters\Y2 Spring\Data structure\project\CIE205_Porj_S2020_student\CIE205_Porj_code_Spring2020\Restaurant\Rest\Restaurant.cpp(147): warning C4996: 'itoa': The POSIX name for this item is deprecated. Instead, use the ISO C and C++ conformant name: _itoa. See online help for details.
  C:\Program Files (x86)\Windows Kits\10\Include\10.0.17763.0\ucrt\stdlib.h(1323): note: see declaration of 'itoa'
  Generating Code...
  jpegload.c
D:\zewail\Semsters\Y2 Spring\Data structure\project\CIE205_Porj_S2020_student\CIE205_Porj_code_Spring2020\Restaurant\CMUgraphicsLib\jpegload.c(23): warning C4996: 'fopen': This function or variable may be unsafe. Consider using fopen_s instead. To disable deprecation, use _CRT_SECURE_NO_WARNINGS. See online help for details.
  C:\Program Files (x86)\Windows Kits\10\Include\10.0.17763.0\ucrt\stdio.h(208): note: see declaration of 'fopen'
  jcomapi.c
  jcparam.c
  jdapimin.c
  jdapistd.c
  jdatasrc.c
  jdcoefct.c
  jdcolor.c
  jddctmgr.c
  jdhuff.c
  jdinput.c
  jdmainct.c
  jdmarker.c
  jdmaster.c
  jdmerge.c
  jdphuff.c
  jdpostct.c
  jdsample.c
  jdtrans.c
  jerror.c
D:\zewail\Semsters\Y2 Spring\Data structure\project\CIE205_Porj_S2020_student\CIE205_Porj_code_Spring2020\Restaurant\CMUgraphicsLib\jpeg\jerror.c(169): warning C4996: 'sprintf': This function or variable may be unsafe. Consider using sprintf_s instead. To disable deprecation, use _CRT_SECURE_NO_WARNINGS. See online help for details.
  C:\Program Files (x86)\Windows Kits\10\Include\10.0.17763.0\ucrt\stdio.h(1774): note: see declaration of 'sprintf'
D:\zewail\Semsters\Y2 Spring\Data structure\project\CIE205_Porj_S2020_student\CIE205_Porj_code_Spring2020\Restaurant\CMUgraphicsLib\jpeg\jerror.c(171): warning C4996: 'sprintf': This function or variable may be unsafe. Consider using sprintf_s instead. To disable deprecation, use _CRT_SECURE_NO_WARNINGS. See online help for details.
  C:\Program Files (x86)\Windows Kits\10\Include\10.0.17763.0\ucrt\stdio.h(1774): note: see declaration of 'sprintf'
  Generating Code...
  Compiling...
  jidctflt.c
  jidctfst.c
  jidctint.c
  jidctred.c
  jmemmgr.c
D:\zewail\Semsters\Y2 Spring\Data structure\project\CIE205_Porj_S2020_student\CIE205_Porj_code_Spring2020\Restaurant\CMUgraphicsLib\jpeg\jmemmgr.c(1103): warning C4996: 'getenv': This function or variable may be unsafe. Consider using _dupenv_s instead. To disable deprecation, use _CRT_SECURE_NO_WARNINGS. See online help for details.
  C:\Program Files (x86)\Windows Kits\10\Include\10.0.17763.0\ucrt\stdlib.h(1191): note: see declaration of 'getenv'
D:\zewail\Semsters\Y2 Spring\Data structure\project\CIE205_Porj_S2020_student\CIE205_Porj_code_Spring2020\Restaurant\CMUgraphicsLib\jpeg\jmemmgr.c(1106): warning C4996: 'sscanf': This function or variable may be unsafe. Consider using sscanf_s instead. To disable deprecation, use _CRT_SECURE_NO_WARNINGS. See online help for details.
  C:\Program Files (x86)\Windows Kits\10\Include\10.0.17763.0\ucrt\stdio.h(2263): note: see declaration of 'sscanf'
  jmemnobs.c
  jquant1.c
  jquant2.c
  jutils.c
  Generating Code...
  Restaurant.vcxproj -> D:\zewail\Semsters\Y2 Spring\Data structure\project\CIE205_Porj_S2020_student\CIE205_Porj_code_Spring2020\Debug\Restaurant.exe
